
ec: system execution failed.
Following is the set of recorded exceptions:

******************************** Thread exception *****************************
In thread           Root thread            0x0 (thread id)
*******************************************************************************
-------------------------------------------------------------------------------
Class / Object      Routine                Nature of exception           Effect
-------------------------------------------------------------------------------
CONSOLE             put_string @4          FILE: unable to write STRING object.:
<000001CF66FDE668>                         Runtime I/O error.            Fail
-------------------------------------------------------------------------------
CONSOLE             put_string @4                                       
<000001CF66FDE668>                         Routine failure.              Fail
-------------------------------------------------------------------------------
CONSOLE             put_string_general @17                              
<000001CF66FDE668>  (From PLAIN_TEXT_FILE) Routine failure.              Fail
-------------------------------------------------------------------------------
CONSOLE             put_string_32 @1                                    
<000001CF66FDE668>  (From PLAIN_TEXT_FILE) Routine failure.              Fail
-------------------------------------------------------------------------------
EC_ENCODING_CONVERTER
                    localized_print_error @4
<000001CF689E6368>  (From LOCALIZED_PRINTER)
                                           Routine failure.              Fail
-------------------------------------------------------------------------------
DEGREE_OUTPUT       put_message @1                                      
<000001CF68A2CDF8>                         Routine failure.              Fail
-------------------------------------------------------------------------------
DEGREE_OUTPUT       put_start_degree @6                                 
<000001CF68A2CDF8>                         Routine failure.              Fail
-------------------------------------------------------------------------------
SYSTEM_I            init_recompilation @1                               
<000001CF68ED9B28>                         Routine failure.              Fail
-------------------------------------------------------------------------------
SYSTEM_I            do_recompilation @6                                 
<000001CF68ED9B28>                         Routine failure.              Fail
-------------------------------------------------------------------------------
SYSTEM_I            recompile @7                                        
<000001CF68ED9B28>                         Routine failure.              Rescue
-------------------------------------------------------------------------------
WORKBENCH_I         recompile @23                                       
<000001CF689CC1E8>                         Routine failure.              Rescue
-------------------------------------------------------------------------------
E_PROJECT           melt @7                                             
<000001CF689CB318>                         Routine failure.              Rescue
-------------------------------------------------------------------------------
E_PROJECT           freeze @2                                           
<000001CF689CB318>                         Routine failure.              Fail
-------------------------------------------------------------------------------
EWB_FREEZE          perform_compilation @1                              
<000001CF68F14118>                         Routine failure.              Fail
-------------------------------------------------------------------------------
EWB_FREEZE          compile @3                                          
<000001CF68F14118>  (From EWB_COMP)        Routine failure.              Fail
-------------------------------------------------------------------------------
EWB_FREEZE          execute @5                                          
<000001CF68F14118>                         Routine failure.              Fail
-------------------------------------------------------------------------------
ES_BATCH            execute @45                                         
<000001CF67EFF1E8>  (From ES)              Routine failure.              Rescue
-------------------------------------------------------------------------------
~~~~~~~~~~~~~~~~~~~~~~~~~~~~~~~ entering level 1 ~~~~~~~~~~~~~~~~~~~~~~~~~~~~~~
-------------------------------------------------------------------------------
CONSOLE             put_string @4          FILE: unable to write STRING object.:
<000001CF66FDE668>                         Runtime I/O error.            Fail
-------------------------------------------------------------------------------
CONSOLE             put_string @4                                       
<000001CF66FDE668>                         Routine failure.              Fail
-------------------------------------------------------------------------------
CONSOLE             put_string_general @17                              
<000001CF66FDE668>  (From PLAIN_TEXT_FILE) Routine failure.              Fail
-------------------------------------------------------------------------------
CONSOLE             put_string_32 @1                                    
<000001CF66FDE668>  (From PLAIN_TEXT_FILE) Routine failure.              Fail
-------------------------------------------------------------------------------
ES_BATCH            localized_print_error @4
<000001CF67EFF1E8>  (From LOCALIZED_PRINTER)
                                           Routine failure.              Fail
-------------------------------------------------------------------------------
~~~~~~~~~~~~~~~~~~~~~~~~~~~~~~~ back to level 0 ~~~~~~~~~~~~~~~~~~~~~~~~~~~~~~~
-------------------------------------------------------------------------------
ES_BATCH            execute @69                                         
<000001CF67EFF1E8>  (From ES)              Exception in rescue clause.   Fail
-------------------------------------------------------------------------------
ES_BATCH            make @13                                            
<000001CF67EFF1E8>  (From ES)              Routine failure.              Fail
-------------------------------------------------------------------------------
EB_KERNEL           make @5                                             
<000001CF67D9DFC8>                         Routine failure.              Fail
-------------------------------------------------------------------------------
EB_KERNEL           root's creation                                     
<000001CF67D9DFC8>                         Routine failure.              Exit
-------------------------------------------------------------------------------
